[2020-10-04T15:32:47.731118+00:00] FFmpeg_Streaming.INFO: ffprobe running command '/usr/bin/ffprobe' '-help' '-loglevel' 'quiet' [] []
[2020-10-04T15:32:47.906477+00:00] FFmpeg_Streaming.INFO: ffprobe executed command successfully [] []
[2020-10-04T15:32:47.906866+00:00] FFmpeg_Streaming.INFO: ffprobe running command '/usr/bin/ffprobe' '/tmp/phpre65T8' '-show_streams' '-print_format' 'json' [] []
[2020-10-04T15:32:48.127558+00:00] FFmpeg_Streaming.INFO: ffprobe executed command successfully [] []
[2020-10-04T15:33:37.079997+00:00] FFmpeg_Streaming.INFO: ffprobe running command '/usr/bin/ffprobe' '-help' '-loglevel' 'quiet' [] []
[2020-10-04T15:33:37.225827+00:00] FFmpeg_Streaming.INFO: ffprobe executed command successfully [] []
[2020-10-04T15:33:37.226313+00:00] FFmpeg_Streaming.INFO: ffprobe running command '/usr/bin/ffprobe' '/tmp/phpve3Fqr' '-show_streams' '-print_format' 'json' [] []
[2020-10-04T15:33:37.360592+00:00] FFmpeg_Streaming.INFO: ffprobe executed command successfully [] []
[2020-10-04T15:36:32.097320+00:00] FFmpeg_Streaming.INFO: ffprobe running command '/usr/bin/ffprobe' '-help' '-loglevel' 'quiet' [] []
[2020-10-04T15:36:32.254243+00:00] FFmpeg_Streaming.INFO: ffprobe executed command successfully [] []
[2020-10-04T15:36:32.254620+00:00] FFmpeg_Streaming.INFO: ffprobe running command '/usr/bin/ffprobe' '/tmp/phpdUNztj' '-show_streams' '-print_format' 'json' [] []
[2020-10-04T15:36:32.393918+00:00] FFmpeg_Streaming.INFO: ffprobe executed command successfully [] []
[2020-10-04T15:37:48.445795+00:00] FFmpeg_Streaming.INFO: ffprobe running command '/usr/bin/ffprobe' '-help' '-loglevel' 'quiet' [] []
[2020-10-04T15:37:48.604700+00:00] FFmpeg_Streaming.INFO: ffprobe executed command successfully [] []
[2020-10-04T15:37:48.605194+00:00] FFmpeg_Streaming.INFO: ffprobe running command '/usr/bin/ffprobe' '/tmp/phpoWaPrz' '-show_streams' '-print_format' 'json' [] []
[2020-10-04T15:37:48.769673+00:00] FFmpeg_Streaming.INFO: ffprobe executed command successfully [] []
[2020-10-04T15:38:47.019667+00:00] FFmpeg_Streaming.INFO: ffprobe running command '/usr/bin/ffprobe' '-help' '-loglevel' 'quiet' [] []
[2020-10-04T15:38:47.168517+00:00] FFmpeg_Streaming.INFO: ffprobe executed command successfully [] []
[2020-10-04T15:38:47.168966+00:00] FFmpeg_Streaming.INFO: ffprobe running command '/usr/bin/ffprobe' '/tmp/php9ix4aM' '-show_streams' '-print_format' 'json' [] []
[2020-10-04T15:38:47.306278+00:00] FFmpeg_Streaming.INFO: ffprobe executed command successfully [] []
[2020-10-04T15:39:10.776002+00:00] FFmpeg_Streaming.INFO: ffprobe running command '/usr/bin/ffprobe' '-help' '-loglevel' 'quiet' [] []
[2020-10-04T15:39:10.936375+00:00] FFmpeg_Streaming.INFO: ffprobe executed command successfully [] []
[2020-10-04T15:39:10.937185+00:00] FFmpeg_Streaming.INFO: ffprobe running command '/usr/bin/ffprobe' '/tmp/phpWlqPBI' '-show_streams' '-print_format' 'json' [] []
[2020-10-04T15:39:11.081741+00:00] FFmpeg_Streaming.INFO: ffprobe executed command successfully [] []
